[12:25:50] Error: Unable to retrieve mac address (unexpected format)
    at nF (file:///data/data/com.termux/files/usr/lib/code-server/lib/vscode/out/server-main.js:78:19758)
    at cF (file:///data/data/com.termux/files/usr/lib/code-server/lib/vscode/out/server-main.js:78:20135)
    at async file:///data/data/com.termux/files/usr/lib/code-server/lib/vscode/out/server-main.js:78:20052
    at async Promise.all (index 2)
    at async VB (file:///data/data/com.termux/files/usr/lib/code-server/lib/vscode/out/server-main.js:194:413)
    at async YB (file:///data/data/com.termux/files/usr/lib/code-server/lib/vscode/out/server-main.js:195:1392)
[12:25:50] Error: Unsupported platform
    at Object.<anonymous> (/data/data/com.termux/files/usr/lib/code-server/lib/vscode/node_modules/@vscode/deviceid/dist/index.js:24:11)
    at Module._compile (node:internal/modules/cjs/loader:1706:14)
    at Module._extensions..js (node:internal/modules/cjs/loader:1839:10)
    at Module.load (node:internal/modules/cjs/loader:1441:32)
    at Module._load (node:internal/modules/cjs/loader:1263:12)
    at TracingChannel.traceSync (node:diagnostics_channel:328:14)
    at wrapModuleLoad (node:internal/modules/cjs/loader:237:24)
    at cjsLoader (node:internal/modules/esm/translators:309:5)
    at ModuleWrap.<anonymous> (node:internal/modules/esm/translators:202:7)
    at ModuleJob.run (node:internal/modules/esm/module_job:343:25)
    at async onImport.tracePromise.__proto__ (node:internal/modules/esm/loader:665:26)
    at async uF (file:///data/data/com.termux/files/usr/lib/code-server/lib/vscode/out/server-main.js:78:20442)
    at async Promise.all (index 4)
    at async VB (file:///data/data/com.termux/files/usr/lib/code-server/lib/vscode/out/server-main.js:194:413)
    at async YB (file:///data/data/com.termux/files/usr/lib/code-server/lib/vscode/out/server-main.js:195:1392)
File not found: /data/data/com.termux/files/usr/lib/code-server/lib/vscode/node_modules/vsda/rust/web/vsda_bg.wasm
File not found: /data/data/com.termux/files/usr/lib/code-server/lib/vscode/node_modules/vsda/rust/web/vsda.js
File not found: /data/data/com.termux/files/usr/lib/code-server/lib/vscode/node_modules/vsda/rust/web/vsda_bg.wasm
File not found: /data/data/com.termux/files/usr/lib/code-server/lib/vscode/node_modules/vsda/rust/web/vsda.js
File not found: /data/data/com.termux/files/usr/lib/code-server/lib/vscode/node_modules/vsda/rust/web/vsda_bg.wasm
File not found: /data/data/com.termux/files/usr/lib/code-server/lib/vscode/node_modules/vsda/rust/web/vsda.js
[12:55:52] No ptyHost heartbeat after 6 seconds
File not found: /data/data/com.termux/files/usr/lib/code-server/lib/vscode/node_modules/vsda/rust/web/vsda.js
File not found: /data/data/com.termux/files/usr/lib/code-server/lib/vscode/node_modules/vsda/rust/web/vsda_bg.wasm
File not found: /data/data/com.termux/files/usr/lib/code-server/lib/vscode/node_modules/vsda/rust/web/vsda_bg.wasm
File not found: /data/data/com.termux/files/usr/lib/code-server/lib/vscode/node_modules/vsda/rust/web/vsda.js
File not found: /data/data/com.termux/files/usr/lib/code-server/lib/vscode/node_modules/vsda/rust/web/vsda_bg.wasm
File not found: /data/data/com.termux/files/usr/lib/code-server/lib/vscode/node_modules/vsda/rust/web/vsda.js
File not found: /data/data/com.termux/files/usr/lib/code-server/lib/vscode/node_modules/vscode-regexp-languagedetection/dist/index.js
[13:51:39] No ptyHost heartbeat after 6 seconds
File not found: /data/data/com.termux/files/usr/lib/code-server/lib/vscode/node_modules/vsda/rust/web/vsda_bg.wasm
File not found: /data/data/com.termux/files/usr/lib/code-server/lib/vscode/node_modules/vsda/rust/web/vsda.js
[13:56:18] No ptyHost heartbeat after 6 seconds
[13:59:17] No ptyHost heartbeat after 6 seconds
[14:12:24] No ptyHost heartbeat after 6 seconds
[14:13:13] No ptyHost heartbeat after 6 seconds
[14:13:54] No ptyHost heartbeat after 6 seconds
[14:18:52] No ptyHost heartbeat after 6 seconds
[14:20:06] No ptyHost heartbeat after 6 seconds
[14:21:37] No ptyHost heartbeat after 6 seconds
[14:26:03] No ptyHost heartbeat after 6 seconds
[14:27:14] Error: read ECONNRESET
    at TCP.onStreamRead (node:internal/stream_base_commons:216:20) {
  errno: -104,
  code: 'ECONNRESET',
  syscall: 'read'
}
[14:44:01] No ptyHost heartbeat after 6 seconds
[14:44:19] No ptyHost heartbeat after 6 seconds
[14:46:42] No ptyHost heartbeat after 6 seconds
[14:50:20] No ptyHost heartbeat after 6 seconds
[14:51:55] No ptyHost heartbeat after 6 seconds
[15:00:53] No ptyHost heartbeat after 6 seconds
[15:02:20] No ptyHost heartbeat after 6 seconds
[15:03:39] No ptyHost heartbeat after 6 seconds
[15:05:16] No ptyHost heartbeat after 6 seconds
[15:06:50] No ptyHost heartbeat after 6 seconds
[15:09:30] No ptyHost heartbeat after 6 seconds
[15:11:37] No ptyHost heartbeat after 6 seconds
[15:13:45] No ptyHost heartbeat after 6 seconds
[15:14:08] No ptyHost heartbeat after 6 seconds
[15:15:03] No ptyHost heartbeat after 6 seconds
[15:17:30] No ptyHost heartbeat after 6 seconds
[15:18:10] No ptyHost heartbeat after 6 seconds
[15:18:40] No ptyHost heartbeat after 6 seconds
[15:19:47] No ptyHost heartbeat after 6 seconds
[15:21:38] No ptyHost heartbeat after 6 seconds
[15:22:15] No ptyHost heartbeat after 6 seconds
[15:22:36] No ptyHost heartbeat after 6 seconds
[15:23:39] No ptyHost heartbeat after 6 seconds
[15:27:27] No ptyHost heartbeat after 6 seconds
[15:28:25] No ptyHost heartbeat after 6 seconds
[15:31:54] No ptyHost heartbeat after 6 seconds
[15:34:08] No ptyHost heartbeat after 6 seconds
[15:35:28] No ptyHost heartbeat after 6 seconds
[15:38:22] No ptyHost heartbeat after 6 seconds
[15:50:54] No ptyHost heartbeat after 6 seconds
[15:54:08] No ptyHost heartbeat after 6 seconds
[16:35:13] No ptyHost heartbeat after 6 seconds
[16:46:50] No ptyHost heartbeat after 6 seconds
[17:32:11] No ptyHost heartbeat after 6 seconds
[17:32:39] No ptyHost heartbeat after 6 seconds
[17:33:32] No ptyHost heartbeat after 6 seconds
[17:35:26] No ptyHost heartbeat after 6 seconds
[17:36:31] No ptyHost heartbeat after 6 seconds
[17:39:08] No ptyHost heartbeat after 6 seconds
[18:19:15] No ptyHost heartbeat after 6 seconds
[18:21:10] No ptyHost heartbeat after 6 seconds
[18:22:17] No ptyHost heartbeat after 6 seconds
[18:28:09] No ptyHost heartbeat after 6 seconds
[18:31:45] No ptyHost heartbeat after 6 seconds
[18:43:59] No ptyHost heartbeat after 6 seconds
[18:47:52] No ptyHost heartbeat after 6 seconds
[18:48:22] No ptyHost heartbeat after 6 seconds
[18:51:45] No ptyHost heartbeat after 6 seconds
[18:54:23] No ptyHost heartbeat after 6 seconds
[18:55:10] No ptyHost heartbeat after 6 seconds
[18:59:38] No ptyHost heartbeat after 6 seconds
[19:00:08] No ptyHost heartbeat after 6 seconds
[19:05:03] No ptyHost heartbeat after 6 seconds
[19:05:23] No ptyHost heartbeat after 6 seconds
[19:09:33] No ptyHost heartbeat after 6 seconds
[19:16:33] No ptyHost heartbeat after 6 seconds
[19:17:49] No ptyHost heartbeat after 6 seconds
[19:36:58] No ptyHost heartbeat after 6 seconds
[19:38:41] No ptyHost heartbeat after 6 seconds
[19:39:59] No ptyHost heartbeat after 6 seconds
[19:40:40] No ptyHost heartbeat after 6 seconds
[19:45:48] No ptyHost heartbeat after 6 seconds
[19:55:15] No ptyHost heartbeat after 6 seconds
[19:59:44] No ptyHost heartbeat after 6 seconds
[20:00:24] No ptyHost heartbeat after 6 seconds
[20:06:53] No ptyHost heartbeat after 6 seconds
[20:14:16] No ptyHost heartbeat after 6 seconds
[20:25:29] No ptyHost heartbeat after 6 seconds
[21:02:49] No ptyHost heartbeat after 6 seconds
[21:03:02] No ptyHost heartbeat after 6 seconds
[00:31:20] No ptyHost heartbeat after 6 seconds
[08:32:58] No ptyHost heartbeat after 6 seconds
[08:41:59] No ptyHost heartbeat after 6 seconds
[09:15:21] No ptyHost heartbeat after 6 seconds
[09:16:12] No ptyHost heartbeat after 6 seconds
[09:17:05] No ptyHost heartbeat after 6 seconds
[09:21:48] No ptyHost heartbeat after 6 seconds
[09:22:16] No ptyHost heartbeat after 6 seconds
[09:27:18] No ptyHost heartbeat after 6 seconds
File not found: /data/data/com.termux/files/usr/lib/code-server/lib/vscode/node_modules/vsda/rust/web/vsda_bg.wasm
File not found: /data/data/com.termux/files/usr/lib/code-server/lib/vscode/node_modules/vsda/rust/web/vsda.js
File not found: /data/data/com.termux/files/usr/lib/code-server/lib/vscode/node_modules/vsda/rust/web/vsda_bg.wasm
File not found: /data/data/com.termux/files/usr/lib/code-server/lib/vscode/node_modules/vsda/rust/web/vsda.js
File not found: /data/data/com.termux/files/usr/lib/code-server/lib/vscode/node_modules/vsda/rust/web/vsda_bg.wasm
File not found: /data/data/com.termux/files/usr/lib/code-server/lib/vscode/node_modules/vsda/rust/web/vsda.js
[09:53:40] Error: read ECONNRESET
    at TCP.onStreamRead (node:internal/stream_base_commons:216:20) {
  errno: -104,
  code: 'ECONNRESET',
  syscall: 'read'
}
[10:19:45] No ptyHost heartbeat after 6 seconds
File not found: /data/data/com.termux/files/usr/lib/code-server/lib/vscode/node_modules/@xterm/addon-ligatures/lib/addon-ligatures.js
[11:15:19] No ptyHost heartbeat after 6 seconds
[11:40:09] No ptyHost heartbeat after 6 seconds
File not found: /data/data/com.termux/files/usr/lib/code-server/lib/vscode/node_modules/vsda/rust/web/vsda_bg.wasm
File not found: /data/data/com.termux/files/usr/lib/code-server/lib/vscode/node_modules/vsda/rust/web/vsda.js
File not found: /data/data/com.termux/files/usr/lib/code-server/lib/vscode/node_modules/vsda/rust/web/vsda_bg.wasm
File not found: /data/data/com.termux/files/usr/lib/code-server/lib/vscode/node_modules/vsda/rust/web/vsda.js
File not found: /data/data/com.termux/files/usr/lib/code-server/lib/vscode/node_modules/@xterm/addon-ligatures/lib/addon-ligatures.js
[11:57:47] No ptyHost heartbeat after 6 seconds
[12:43:14] No ptyHost heartbeat after 6 seconds
File not found: /data/data/com.termux/files/usr/lib/code-server/lib/vscode/node_modules/vscode-regexp-languagedetection/dist/index.js
[13:24:02] No ptyHost heartbeat after 6 seconds
File not found: /data/data/com.termux/files/usr/lib/code-server/lib/vscode/node_modules/vsda/rust/web/vsda_bg.wasm
File not found: /data/data/com.termux/files/usr/lib/code-server/lib/vscode/node_modules/vsda/rust/web/vsda.js
File not found: /data/data/com.termux/files/usr/lib/code-server/lib/vscode/node_modules/vsda/rust/web/vsda.js
File not found: /data/data/com.termux/files/usr/lib/code-server/lib/vscode/node_modules/vsda/rust/web/vsda_bg.wasm
File not found: /data/data/com.termux/files/usr/lib/code-server/lib/vscode/node_modules/vscode-regexp-languagedetection/dist/index.js
[13:31:24] No ptyHost heartbeat after 6 seconds
[13:32:54] No ptyHost heartbeat after 6 seconds
[13:37:26] No ptyHost heartbeat after 6 seconds
[13:50:01] No ptyHost heartbeat after 6 seconds
[14:00:24] No ptyHost heartbeat after 6 seconds
[14:20:18] No ptyHost heartbeat after 6 seconds
[14:20:29] No ptyHost heartbeat after 6 seconds
[15:07:21] No ptyHost heartbeat after 6 seconds
[15:10:00] No ptyHost heartbeat after 6 seconds
[15:10:23] No ptyHost heartbeat after 6 seconds
[15:11:09] No ptyHost heartbeat after 6 seconds
[15:14:04] No ptyHost heartbeat after 6 seconds
[15:17:46] No ptyHost heartbeat after 6 seconds
[15:21:14] No ptyHost heartbeat after 6 seconds
[15:29:33] No ptyHost heartbeat after 6 seconds
[15:31:09] No ptyHost heartbeat after 6 seconds
[15:33:33] No ptyHost heartbeat after 6 seconds
[15:33:54] No ptyHost heartbeat after 6 seconds
[15:35:19] No ptyHost heartbeat after 6 seconds
[15:41:11] No ptyHost heartbeat after 6 seconds
[15:59:39] No ptyHost heartbeat after 6 seconds
[16:00:08] No ptyHost heartbeat after 6 seconds
[16:05:33] No ptyHost heartbeat after 6 seconds
[16:05:45] Error: read ECONNRESET
    at TCP.onStreamRead (node:internal/stream_base_commons:216:20) {
  errno: -104,
  code: 'ECONNRESET',
  syscall: 'read'
}
[16:12:12] No ptyHost heartbeat after 6 seconds
[16:16:04] No ptyHost heartbeat after 6 seconds
[16:18:52] No ptyHost heartbeat after 6 seconds
[17:06:43] No ptyHost heartbeat after 6 seconds
[17:07:31] No ptyHost heartbeat after 6 seconds
[17:13:46] No ptyHost heartbeat after 6 seconds
[17:14:18] No ptyHost heartbeat after 6 seconds
[17:42:49] No ptyHost heartbeat after 6 seconds
[17:44:13] No ptyHost heartbeat after 6 seconds
[17:45:19] No ptyHost heartbeat after 6 seconds
[17:46:35] No ptyHost heartbeat after 6 seconds
[17:49:25] No ptyHost heartbeat after 6 seconds
[17:56:33] No ptyHost heartbeat after 6 seconds
[17:57:23] No ptyHost heartbeat after 6 seconds
[17:58:32] No ptyHost heartbeat after 6 seconds
[18:00:11] No ptyHost heartbeat after 6 seconds
[18:02:22] No ptyHost heartbeat after 6 seconds
[18:06:02] No ptyHost heartbeat after 6 seconds
[18:06:55] No ptyHost heartbeat after 6 seconds
[18:08:16] No ptyHost heartbeat after 6 seconds
[18:09:37] No ptyHost heartbeat after 6 seconds
[18:16:16] No ptyHost heartbeat after 6 seconds
[18:16:40] No ptyHost heartbeat after 6 seconds
[18:40:05] No ptyHost heartbeat after 6 seconds
[18:41:24] No ptyHost heartbeat after 6 seconds
[18:42:49] No ptyHost heartbeat after 6 seconds
[18:43:49] No ptyHost heartbeat after 6 seconds
[18:45:50] No ptyHost heartbeat after 6 seconds
[18:46:59] No ptyHost heartbeat after 6 seconds
[18:55:48] No ptyHost heartbeat after 6 seconds
[18:58:50] No ptyHost heartbeat after 6 seconds
[19:09:22] No ptyHost heartbeat after 6 seconds
[19:09:59] No ptyHost heartbeat after 6 seconds
[19:13:12] No ptyHost heartbeat after 6 seconds
[19:13:40] No ptyHost heartbeat after 6 seconds
[19:15:11] No ptyHost heartbeat after 6 seconds
[19:16:00] No ptyHost heartbeat after 6 seconds
[19:16:55] No ptyHost heartbeat after 6 seconds
[19:18:45] No ptyHost heartbeat after 6 seconds
[19:19:28] No ptyHost heartbeat after 6 seconds
[19:20:18] No ptyHost heartbeat after 6 seconds
[19:21:09] No ptyHost heartbeat after 6 seconds
[19:22:01] No ptyHost heartbeat after 6 seconds
[19:22:38] No ptyHost heartbeat after 6 seconds
[19:23:23] No ptyHost heartbeat after 6 seconds
[19:24:56] No ptyHost heartbeat after 6 seconds
[19:37:15] No ptyHost heartbeat after 6 seconds
[19:38:17] No ptyHost heartbeat after 6 seconds
[19:52:01] No ptyHost heartbeat after 6 seconds
[19:59:10] No ptyHost heartbeat after 6 seconds
[20:10:42] No ptyHost heartbeat after 6 seconds
[20:19:06] No ptyHost heartbeat after 6 seconds
[20:19:30] No ptyHost heartbeat after 6 seconds
[21:47:52] No ptyHost heartbeat after 6 seconds
[22:04:04] No ptyHost heartbeat after 6 seconds
[22:07:05] No ptyHost heartbeat after 6 seconds
[22:08:22] No ptyHost heartbeat after 6 seconds
[22:10:19] No ptyHost heartbeat after 6 seconds
[22:48:16] No ptyHost heartbeat after 6 seconds
[22:50:33] No ptyHost heartbeat after 6 seconds
[00:22:24] No ptyHost heartbeat after 6 seconds
[01:21:47] No ptyHost heartbeat after 6 seconds
[03:54:54] No ptyHost heartbeat after 6 seconds
[07:55:29] No ptyHost heartbeat after 6 seconds
[09:27:49] No ptyHost heartbeat after 6 seconds
[09:39:22] No ptyHost heartbeat after 6 seconds
[10:01:29] No ptyHost heartbeat after 6 seconds
[10:02:10] No ptyHost heartbeat after 6 seconds
[10:04:01] No ptyHost heartbeat after 6 seconds
[10:05:10] No ptyHost heartbeat after 6 seconds
[10:06:03] No ptyHost heartbeat after 6 seconds
[10:38:06] No ptyHost heartbeat after 6 seconds
[10:38:27] No ptyHost heartbeat after 6 seconds
[10:39:05] No ptyHost heartbeat after 6 seconds
[10:40:27] No ptyHost heartbeat after 6 seconds
[10:41:42] No ptyHost heartbeat after 6 seconds
[10:43:53] No ptyHost heartbeat after 6 seconds
[10:44:55] No ptyHost heartbeat after 6 seconds
[10:47:53] No ptyHost heartbeat after 6 seconds
[10:50:09] No ptyHost heartbeat after 6 seconds
[10:50:52] No ptyHost heartbeat after 6 seconds
[10:51:21] No ptyHost heartbeat after 6 seconds
[10:51:54] No ptyHost heartbeat after 6 seconds
[10:54:09] No ptyHost heartbeat after 6 seconds
[10:57:21] No ptyHost heartbeat after 6 seconds
[10:59:26] No ptyHost heartbeat after 6 seconds
[11:00:42] No ptyHost heartbeat after 6 seconds
[11:03:23] No ptyHost heartbeat after 6 seconds
[11:04:58] No ptyHost heartbeat after 6 seconds
[11:06:59] No ptyHost heartbeat after 6 seconds
[11:07:28] No ptyHost heartbeat after 6 seconds
[11:09:54] No ptyHost heartbeat after 6 seconds
[11:13:39] No ptyHost heartbeat after 6 seconds
[11:17:58] No ptyHost heartbeat after 6 seconds
[11:19:30] No ptyHost heartbeat after 6 seconds
[11:20:04] No ptyHost heartbeat after 6 seconds
[11:21:10] No ptyHost heartbeat after 6 seconds
[11:22:11] No ptyHost heartbeat after 6 seconds
[11:27:10] No ptyHost heartbeat after 6 seconds
[11:28:48] No ptyHost heartbeat after 6 seconds
[11:29:52] No ptyHost heartbeat after 6 seconds
[11:33:10] No ptyHost heartbeat after 6 seconds
[11:35:35] No ptyHost heartbeat after 6 seconds
[12:32:47] No ptyHost heartbeat after 6 seconds
[12:41:02] No ptyHost heartbeat after 6 seconds
[12:41:43] No ptyHost heartbeat after 6 seconds
[12:42:28] No ptyHost heartbeat after 6 seconds
[12:44:48] No ptyHost heartbeat after 6 seconds
[12:47:23] No ptyHost heartbeat after 6 seconds
[12:49:00] No ptyHost heartbeat after 6 seconds
[12:53:52] No ptyHost heartbeat after 6 seconds
[12:54:42] No ptyHost heartbeat after 6 seconds
[12:58:01] No ptyHost heartbeat after 6 seconds
[13:16:49] No ptyHost heartbeat after 6 seconds
[13:18:05] No ptyHost heartbeat after 6 seconds
[13:23:46] No ptyHost heartbeat after 6 seconds
[13:36:57] No ptyHost heartbeat after 6 seconds
[13:40:59] No ptyHost heartbeat after 6 seconds
File not found: /data/data/com.termux/files/usr/lib/code-server/lib/vscode/node_modules/vsda/rust/web/vsda_bg.wasm
File not found: /data/data/com.termux/files/usr/lib/code-server/lib/vscode/node_modules/vsda/rust/web/vsda.js
File not found: /data/data/com.termux/files/usr/lib/code-server/lib/vscode/node_modules/@xterm/addon-ligatures/lib/addon-ligatures.js
[14:36:05] No ptyHost heartbeat after 6 seconds
File not found: /data/data/com.termux/files/usr/lib/code-server/lib/vscode/node_modules/vsda/rust/web/vsda.js
File not found: /data/data/com.termux/files/usr/lib/code-server/lib/vscode/node_modules/vsda/rust/web/vsda_bg.wasm
File not found: /data/data/com.termux/files/usr/lib/code-server/lib/vscode/node_modules/@xterm/addon-ligatures/lib/addon-ligatures.js
[15:17:39] No ptyHost heartbeat after 6 seconds
[15:18:52] No ptyHost heartbeat after 6 seconds
[15:19:41] No ptyHost heartbeat after 6 seconds
[15:20:08] No ptyHost heartbeat after 6 seconds
[16:12:53] No ptyHost heartbeat after 6 seconds
[17:01:50] No ptyHost heartbeat after 6 seconds
[17:04:53] No ptyHost heartbeat after 6 seconds
[17:14:34] Error: read ECONNRESET
    at TCP.onStreamRead (node:internal/stream_base_commons:216:20) {
  errno: -104,
  code: 'ECONNRESET',
  syscall: 'read'
}
