2026-01-26 13:31:56.309 [info] Expanding terminal instance, old id 6b2b686c-3 -> new id undefined
2026-01-26 13:32:02.348 [warning] Persistent process "3": Process had no disconnect runners but was an orphan
2026-01-26 13:32:02.349 [info] Persistent process reconnection "3"
2026-01-26 13:32:02.451 [info] Persistent process "3": Replaying 91 chars and 1 size events
2026-01-26 13:53:36.533 [info] Expanding terminal instance, old id 6b2b686c-3 -> new id undefined
2026-01-26 13:53:36.535 [info] Expanding terminal instance, old id 6b2b686c-5 -> new id undefined
2026-01-26 13:53:36.536 [info] Expanding terminal instance, old id 6b2b686c-6 -> new id undefined
2026-01-26 13:53:36.537 [info] Expanding terminal instance, old id 6b2b686c-7 -> new id undefined
2026-01-26 13:53:36.537 [info] Expanding terminal instance, old id 6b2b686c-8 -> new id undefined
2026-01-26 13:53:41.108 [warning] Persistent process "3": Process had no disconnect runners but was an orphan
2026-01-26 13:53:41.108 [info] Persistent process reconnection "3"
2026-01-26 13:53:41.109 [warning] Persistent process "5": Process had no disconnect runners but was an orphan
2026-01-26 13:53:41.109 [info] Persistent process reconnection "5"
2026-01-26 13:53:41.110 [warning] Persistent process "6": Process had no disconnect runners but was an orphan
2026-01-26 13:53:41.110 [info] Persistent process reconnection "6"
2026-01-26 13:53:41.110 [warning] Persistent process "8": Process had no disconnect runners but was an orphan
2026-01-26 13:53:41.110 [info] Persistent process reconnection "8"
2026-01-26 13:53:41.111 [warning] Persistent process "7": Process had no disconnect runners but was an orphan
2026-01-26 13:53:41.112 [info] Persistent process reconnection "7"
2026-01-26 13:53:41.147 [info] Persistent process "3": Replaying 91 chars and 1 size events
2026-01-26 13:53:41.165 [info] Persistent process "5": Replaying 30 chars and 1 size events
2026-01-26 13:53:41.166 [info] Persistent process "6": Replaying 30 chars and 1 size events
2026-01-26 13:53:41.166 [info] Persistent process "8": Replaying 30 chars and 1 size events
2026-01-26 13:53:41.166 [info] Persistent process "7": Replaying 30 chars and 1 size events
2026-01-27 09:51:15.850 [info] Expanding terminal instance, old id 6b2b686c-3 -> new id undefined
2026-01-27 09:51:15.855 [info] Expanding terminal instance, old id 6b2b686c-5 -> new id undefined
2026-01-27 09:51:15.856 [info] Expanding terminal instance, old id 6b2b686c-6 -> new id undefined
2026-01-27 09:51:15.857 [info] Expanding terminal instance, old id 6b2b686c-7 -> new id undefined
2026-01-27 09:51:15.857 [info] Expanding terminal instance, old id 6b2b686c-8 -> new id undefined
2026-01-27 09:52:26.105 [info] Expanding terminal instance, old id 6b2b686c-3 -> new id undefined
2026-01-27 09:52:26.111 [info] Expanding terminal instance, old id 6b2b686c-5 -> new id undefined
2026-01-27 09:52:26.112 [info] Expanding terminal instance, old id 6b2b686c-6 -> new id undefined
2026-01-27 09:52:26.114 [info] Expanding terminal instance, old id 6b2b686c-7 -> new id undefined
2026-01-27 09:52:26.115 [info] Expanding terminal instance, old id 6b2b686c-8 -> new id undefined
2026-01-27 09:52:29.327 [warning] Persistent process "3": Process had no disconnect runners but was an orphan
2026-01-27 09:52:29.327 [info] Persistent process reconnection "3"
2026-01-27 09:52:29.328 [warning] Persistent process "5": Process had no disconnect runners but was an orphan
2026-01-27 09:52:29.328 [info] Persistent process reconnection "5"
2026-01-27 09:52:29.329 [warning] Persistent process "6": Process had no disconnect runners but was an orphan
2026-01-27 09:52:29.330 [info] Persistent process reconnection "6"
2026-01-27 09:52:29.332 [warning] Persistent process "8": Process had no disconnect runners but was an orphan
2026-01-27 09:52:29.332 [info] Persistent process reconnection "8"
2026-01-27 09:52:29.334 [warning] Persistent process "7": Process had no disconnect runners but was an orphan
2026-01-27 09:52:29.335 [info] Persistent process reconnection "7"
2026-01-27 09:52:29.473 [info] Persistent process "3": Replaying 91 chars and 1 size events
2026-01-27 09:52:29.477 [info] Persistent process "5": Replaying 30 chars and 1 size events
2026-01-27 09:52:29.636 [info] Persistent process "6": Replaying 30 chars and 1 size events
2026-01-27 09:52:29.642 [info] Persistent process "8": Replaying 30 chars and 1 size events
2026-01-27 09:52:29.643 [info] Persistent process "7": Replaying 30 chars and 1 size events
2026-01-27 11:40:14.550 [info] Expanding terminal instance, old id empty-window-10 -> new id undefined
2026-01-27 11:40:18.889 [warning] Persistent process "10": Process had no disconnect runners but was an orphan
2026-01-27 11:40:18.890 [info] Persistent process reconnection "10"
2026-01-27 11:40:18.913 [info] Persistent process "10": Replaying 30 chars and 1 size events
2026-01-27 11:52:57.315 [info] Expanding terminal instance, old id 6b2b686c-3 -> new id undefined
2026-01-27 11:52:57.322 [info] Expanding terminal instance, old id 6b2b686c-5 -> new id undefined
2026-01-27 11:52:57.322 [info] Expanding terminal instance, old id 6b2b686c-6 -> new id undefined
2026-01-27 11:52:57.323 [info] Expanding terminal instance, old id 6b2b686c-7 -> new id undefined
2026-01-27 11:52:57.323 [info] Expanding terminal instance, old id 6b2b686c-8 -> new id undefined
2026-01-27 11:52:57.323 [info] Expanding terminal instance, old id 6b2b686c-13 -> new id undefined
2026-01-27 11:53:02.073 [warning] Persistent process "3": Process had no disconnect runners but was an orphan
2026-01-27 11:53:02.073 [warning] Persistent process "5": Process had no disconnect runners but was an orphan
2026-01-27 11:53:02.073 [warning] Persistent process "6": Process had no disconnect runners but was an orphan
2026-01-27 11:53:02.073 [warning] Persistent process "8": Process had no disconnect runners but was an orphan
2026-01-27 11:53:02.074 [warning] Persistent process "13": Process had no disconnect runners but was an orphan
2026-01-27 11:53:02.074 [warning] Persistent process "7": Process had no disconnect runners but was an orphan
2026-01-27 11:53:02.074 [info] Persistent process reconnection "3"
2026-01-27 11:53:02.074 [info] Persistent process reconnection "5"
2026-01-27 11:53:02.074 [info] Persistent process reconnection "6"
2026-01-27 11:53:02.074 [info] Persistent process reconnection "8"
2026-01-27 11:53:02.074 [info] Persistent process reconnection "13"
2026-01-27 11:53:02.074 [info] Persistent process reconnection "7"
2026-01-27 11:53:02.154 [info] Persistent process "3": Replaying 91 chars and 1 size events
2026-01-27 11:53:02.156 [info] Persistent process "5": Replaying 30 chars and 1 size events
2026-01-27 11:53:02.157 [info] Persistent process "6": Replaying 30 chars and 1 size events
2026-01-27 11:53:02.158 [info] Persistent process "8": Replaying 30 chars and 1 size events
2026-01-27 11:53:02.159 [info] Persistent process "13": Replaying 4096 chars and 1 size events
2026-01-27 11:53:02.173 [info] Persistent process "7": Replaying 30 chars and 1 size events
2026-01-27 13:26:20.778 [info] Expanding terminal instance, old id 6b2b686c-3 -> new id undefined
2026-01-27 13:26:20.785 [info] Expanding terminal instance, old id 6b2b686c-5 -> new id undefined
2026-01-27 13:26:20.786 [info] Expanding terminal instance, old id 6b2b686c-6 -> new id undefined
2026-01-27 13:26:20.786 [info] Expanding terminal instance, old id 6b2b686c-7 -> new id undefined
2026-01-27 13:26:20.786 [info] Expanding terminal instance, old id 6b2b686c-8 -> new id undefined
2026-01-27 13:26:20.786 [info] Expanding terminal instance, old id 6b2b686c-17 -> new id undefined
2026-01-27 13:26:20.787 [info] Expanding terminal instance, old id 6b2b686c-13 -> new id undefined
2026-01-27 13:26:20.788 [info] Expanding terminal instance, old id 6b2b686c-16 -> new id undefined
2026-01-27 13:26:25.542 [warning] Persistent process "3": Process had no disconnect runners but was an orphan
2026-01-27 13:26:25.542 [info] Persistent process reconnection "3"
2026-01-27 13:26:25.543 [warning] Persistent process "5": Process had no disconnect runners but was an orphan
2026-01-27 13:26:25.543 [info] Persistent process reconnection "5"
2026-01-27 13:26:25.572 [warning] Persistent process "6": Process had no disconnect runners but was an orphan
2026-01-27 13:26:25.572 [info] Persistent process reconnection "6"
2026-01-27 13:26:25.573 [warning] Persistent process "8": Process had no disconnect runners but was an orphan
2026-01-27 13:26:25.573 [info] Persistent process reconnection "8"
2026-01-27 13:26:25.573 [warning] Persistent process "13": Process had no disconnect runners but was an orphan
2026-01-27 13:26:25.574 [info] Persistent process reconnection "13"
2026-01-27 13:26:25.574 [warning] Persistent process "16": Process had no disconnect runners but was an orphan
2026-01-27 13:26:25.574 [info] Persistent process reconnection "16"
2026-01-27 13:26:25.575 [warning] Persistent process "7": Process had no disconnect runners but was an orphan
2026-01-27 13:26:25.575 [info] Persistent process reconnection "7"
2026-01-27 13:26:25.580 [warning] Persistent process "17": Process had no disconnect runners but was an orphan
2026-01-27 13:26:25.581 [info] Persistent process reconnection "17"
2026-01-27 13:26:25.601 [info] Persistent process "3": Replaying 91 chars and 1 size events
2026-01-27 13:26:25.605 [info] Persistent process "5": Replaying 30 chars and 1 size events
2026-01-27 13:26:25.630 [info] Persistent process "6": Replaying 30 chars and 1 size events
2026-01-27 13:26:25.639 [info] Persistent process "8": Replaying 30 chars and 1 size events
2026-01-27 13:26:25.639 [info] Persistent process "13": Replaying 2932 chars and 1 size events
2026-01-27 13:26:25.640 [info] Persistent process "16": Replaying 3336 chars and 1 size events
2026-01-27 13:26:25.643 [info] Persistent process "7": Replaying 30 chars and 1 size events
2026-01-27 13:26:25.644 [info] Persistent process "17": Replaying 30 chars and 1 size events
2026-01-28 14:06:56.234 [info] Expanding terminal instance, old id 6b2b686c-3 -> new id undefined
2026-01-28 14:06:56.238 [info] Expanding terminal instance, old id 6b2b686c-5 -> new id undefined
2026-01-28 14:06:56.239 [info] Expanding terminal instance, old id 6b2b686c-6 -> new id undefined
2026-01-28 14:06:56.240 [info] Expanding terminal instance, old id 6b2b686c-7 -> new id undefined
2026-01-28 14:06:56.240 [info] Expanding terminal instance, old id 6b2b686c-8 -> new id undefined
2026-01-28 14:06:56.240 [info] Expanding terminal instance, old id 6b2b686c-17 -> new id undefined
2026-01-28 14:06:56.240 [info] Expanding terminal instance, old id 6b2b686c-13 -> new id undefined
2026-01-28 14:06:56.240 [info] Expanding terminal instance, old id 6b2b686c-16 -> new id undefined
2026-01-28 14:06:57.811 [warning] Persistent process "3": Process had no disconnect runners but was an orphan
2026-01-28 14:06:57.812 [info] Persistent process reconnection "3"
2026-01-28 14:06:57.812 [warning] Persistent process "5": Process had no disconnect runners but was an orphan
2026-01-28 14:06:57.812 [info] Persistent process reconnection "5"
2026-01-28 14:06:57.813 [warning] Persistent process "6": Process had no disconnect runners but was an orphan
2026-01-28 14:06:57.813 [info] Persistent process reconnection "6"
2026-01-28 14:06:57.814 [warning] Persistent process "8": Process had no disconnect runners but was an orphan
2026-01-28 14:06:57.815 [info] Persistent process reconnection "8"
2026-01-28 14:06:57.837 [warning] Persistent process "13": Process had no disconnect runners but was an orphan
2026-01-28 14:06:57.838 [info] Persistent process reconnection "13"
2026-01-28 14:06:57.839 [warning] Persistent process "16": Process had no disconnect runners but was an orphan
2026-01-28 14:06:57.840 [warning] Persistent process "7": Process had no disconnect runners but was an orphan
2026-01-28 14:06:57.840 [warning] Persistent process "17": Process had no disconnect runners but was an orphan
2026-01-28 14:06:57.841 [info] Persistent process reconnection "16"
2026-01-28 14:06:57.841 [info] Persistent process reconnection "7"
2026-01-28 14:06:57.841 [info] Persistent process reconnection "17"
2026-01-28 14:06:57.863 [info] Persistent process "3": Replaying 91 chars and 1 size events
2026-01-28 14:06:57.869 [info] Persistent process "5": Replaying 30 chars and 1 size events
2026-01-28 14:06:57.869 [info] Persistent process "6": Replaying 30 chars and 1 size events
2026-01-28 14:06:57.870 [info] Persistent process "8": Replaying 30 chars and 1 size events
2026-01-28 14:06:57.916 [info] Persistent process "13": Replaying 2932 chars and 1 size events
2026-01-28 14:06:57.924 [info] Persistent process "16": Replaying 3475 chars and 1 size events
2026-01-28 14:06:57.925 [info] Persistent process "7": Replaying 30 chars and 1 size events
2026-01-28 14:06:57.925 [info] Persistent process "17": Replaying 30 chars and 1 size events
2026-01-28 14:40:14.937 [info] Expanding terminal instance, old id 6b2b686c-3 -> new id undefined
2026-01-28 14:40:14.944 [info] Expanding terminal instance, old id 6b2b686c-5 -> new id undefined
2026-01-28 14:40:14.945 [info] Expanding terminal instance, old id 6b2b686c-6 -> new id undefined
2026-01-28 14:40:14.947 [info] Expanding terminal instance, old id 6b2b686c-7 -> new id undefined
2026-01-28 14:40:14.947 [info] Expanding terminal instance, old id 6b2b686c-8 -> new id undefined
2026-01-28 14:40:14.948 [info] Expanding terminal instance, old id 6b2b686c-17 -> new id undefined
2026-01-28 14:40:14.948 [info] Expanding terminal instance, old id 6b2b686c-13 -> new id undefined
2026-01-28 14:40:14.949 [info] Expanding terminal instance, old id 6b2b686c-16 -> new id undefined
2026-01-28 14:40:14.949 [info] Expanding terminal instance, old id 6b2b686c-20 -> new id undefined
2026-01-28 14:40:20.366 [warning] Persistent process "3": Process had no disconnect runners but was an orphan
2026-01-28 14:40:20.366 [warning] Persistent process "5": Process had no disconnect runners but was an orphan
2026-01-28 14:40:20.366 [warning] Persistent process "6": Process had no disconnect runners but was an orphan
2026-01-28 14:40:20.366 [warning] Persistent process "8": Process had no disconnect runners but was an orphan
2026-01-28 14:40:20.367 [warning] Persistent process "13": Process had no disconnect runners but was an orphan
2026-01-28 14:40:20.367 [warning] Persistent process "16": Process had no disconnect runners but was an orphan
2026-01-28 14:40:20.367 [warning] Persistent process "20": Process had no disconnect runners but was an orphan
2026-01-28 14:40:20.367 [warning] Persistent process "7": Process had no disconnect runners but was an orphan
2026-01-28 14:40:20.367 [warning] Persistent process "17": Process had no disconnect runners but was an orphan
2026-01-28 14:40:20.367 [info] Persistent process reconnection "3"
2026-01-28 14:40:20.367 [info] Persistent process reconnection "5"
2026-01-28 14:40:20.367 [info] Persistent process reconnection "6"
2026-01-28 14:40:20.367 [info] Persistent process reconnection "8"
2026-01-28 14:40:20.367 [info] Persistent process reconnection "13"
2026-01-28 14:40:20.367 [info] Persistent process reconnection "16"
2026-01-28 14:40:20.367 [info] Persistent process reconnection "20"
2026-01-28 14:40:20.367 [info] Persistent process reconnection "7"
2026-01-28 14:40:20.367 [info] Persistent process reconnection "17"
2026-01-28 14:40:20.478 [info] Persistent process "3": Replaying 91 chars and 1 size events
2026-01-28 14:40:20.479 [info] Persistent process "5": Replaying 30 chars and 1 size events
2026-01-28 14:40:20.515 [info] Persistent process "6": Replaying 30 chars and 1 size events
2026-01-28 14:40:20.516 [info] Persistent process "8": Replaying 30 chars and 1 size events
2026-01-28 14:40:20.518 [info] Persistent process "13": Replaying 2932 chars and 1 size events
2026-01-28 14:40:20.519 [info] Persistent process "16": Replaying 3475 chars and 1 size events
2026-01-28 14:40:20.520 [info] Persistent process "20": Replaying 2385 chars and 1 size events
2026-01-28 14:40:20.524 [info] Persistent process "7": Replaying 30 chars and 1 size events
2026-01-28 14:40:20.524 [info] Persistent process "17": Replaying 30 chars and 1 size events
