2026-02-02 14:50:51.005 [info] Extension host with pid 10377 started
2026-02-02 14:50:51.011 [info] Lock '/data/data/com.termux/files/home/.local/share/code-server/User/workspaceStorage/6b2b686c/vscode.lock': Lock acquired.
2026-02-02 14:50:51.687 [info] ExtensionService#_doActivateExtension vscode.github-authentication, startup: false, activationEvent: 'onAuthenticationRequest:github'
2026-02-02 14:50:51.692 [info] ExtensionService#_doActivateExtension ms-python.python, startup: false, activationEvent: 'onLanguage:python'
2026-02-02 14:50:51.693 [info] ExtensionService#_doActivateExtension vscode.emmet, startup: false, activationEvent: 'onLanguage'
2026-02-02 14:50:53.792 [info] ExtensionService#_doActivateExtension vscode.git-base, startup: true, activationEvent: '*', root cause: vscode.git
2026-02-02 14:50:54.464 [info] ExtensionService#_doActivateExtension vscode.git, startup: true, activationEvent: '*'
2026-02-02 14:50:54.465 [info] ExtensionService#_doActivateExtension vscode.github, startup: true, activationEvent: '*'
2026-02-02 14:50:57.930 [info] Eager extensions activated
2026-02-02 14:50:57.932 [info] ExtensionService#_doActivateExtension vscode.debug-auto-launch, startup: false, activationEvent: 'onStartupFinished'
2026-02-02 14:50:57.933 [info] ExtensionService#_doActivateExtension vscode.merge-conflict, startup: false, activationEvent: 'onStartupFinished'
2026-02-02 14:50:59.146 [info] Extension host terminating: received terminate message from renderer
2026-02-02 14:50:59.169 [info] Lock '/data/data/com.termux/files/home/.local/share/code-server/User/workspaceStorage/6b2b686c/vscode.lock': Marking the lockfile as scheduled to be released in 6000 ms.
2026-02-02 14:50:59.422 [error] ProxyResolver#resolveProxy undefined Canceled: Canceled
	at new FU (file:///data/data/com.termux/files/usr/lib/code-server/lib/vscode/out/vs/workbench/api/node/extensionHostProcess.js:29:126697)
	at AE.U (file:///data/data/com.termux/files/usr/lib/code-server/lib/vscode/out/vs/workbench/api/node/extensionHostProcess.js:29:131307)
	at r.<computed>.n.charCodeAt.r.<computed> (file:///data/data/com.termux/files/usr/lib/code-server/lib/vscode/out/vs/workbench/api/node/extensionHostProcess.js:29:128801)
	at eA.resolveProxy (file:///data/data/com.termux/files/usr/lib/code-server/lib/vscode/out/vs/workbench/api/node/extensionHostProcess.js:113:76865)
	at Object.resolveProxy (file:///data/data/com.termux/files/usr/lib/code-server/lib/vscode/out/vs/workbench/api/node/extensionHostProcess.js:215:23313)
	at useProxySettings (/data/data/com.termux/files/usr/lib/code-server/lib/vscode/node_modules/@vscode/proxy-agent/out/index.js:208:16)
	at /data/data/com.termux/files/usr/lib/code-server/lib/vscode/node_modules/@vscode/proxy-agent/out/index.js:145:13
	at /data/data/com.termux/files/usr/lib/code-server/lib/vscode/node_modules/@vscode/proxy-agent/out/index.js:791:13 
2026-02-02 14:50:59.444 [info] Extension host with pid 10377 exiting with code 0
