2026-02-02 14:50:56.305 [info] [main] Log level: Info
2026-02-02 14:50:56.305 [info] [main] Validating found git in: "git"
2026-02-02 14:50:56.305 [info] [main] Using git "2.52.0" from "git"
2026-02-02 14:50:56.305 [info] [Model][doInitialScan] Initial repository scan started
2026-02-02 14:50:56.305 [info] > git rev-parse --show-toplevel [120ms]
2026-02-02 14:50:56.305 [info] > git rev-parse --git-dir --git-common-dir --show-superproject-working-tree [80ms]
2026-02-02 14:50:56.305 [info] [Model][openRepository] Opened repository (path): /data/data/com.termux/files/home
2026-02-02 14:50:56.305 [info] [Model][openRepository] Opened repository (real path): /data/data/com.termux/files/home
2026-02-02 14:50:56.305 [info] [Model][openRepository] Opened repository (kind): repository
2026-02-02 14:50:56.305 [info] > git rev-parse --show-toplevel [49ms]
2026-02-02 14:50:56.305 [info] > git config --get commit.template [68ms]
2026-02-02 14:50:56.305 [info] > git for-each-ref --format=%(refname)%00%(upstream:short)%00%(objectname)%00%(upstream:track)%00%(upstream:remotename)%00%(upstream:remoteref) refs/heads/main refs/remotes/main [23ms]
2026-02-02 14:50:56.305 [info] > git rev-parse --show-toplevel [44ms]
2026-02-02 14:50:56.429 [info] > git rev-parse --show-toplevel [91ms]
2026-02-02 14:50:56.535 [info] > git for-each-ref --sort -committerdate --format %(refname)%00%(objectname)%00%(*objectname) [39ms]
2026-02-02 14:50:56.555 [info] > git rev-parse --show-toplevel [26ms]
2026-02-02 14:50:56.704 [info] > git rev-parse --show-toplevel [27ms]
2026-02-02 14:50:56.766 [info] > git rev-parse --show-toplevel [27ms]
2026-02-02 14:50:56.840 [info] > git status -z -uall [369ms]
2026-02-02 14:50:56.843 [info] > git check-ignore -v -z --stdin [20ms]
2026-02-02 14:50:56.858 [info] > git rev-parse --show-toplevel [58ms]
2026-02-02 14:50:57.081 [info] > git rev-parse --show-toplevel [95ms]
2026-02-02 14:50:57.138 [info] [Model][doInitialScan] Initial repository scan completed - repositories (1), closed repositories (0), parent repositories (0), unsafe repositories (0)
2026-02-02 14:50:57.138 [info] > git for-each-ref --format=%(refname)%00%(upstream:short)%00%(objectname)%00%(upstream:track)%00%(upstream:remotename)%00%(upstream:remoteref) refs/heads/main refs/remotes/main [192ms]
2026-02-02 14:50:57.193 [info] > git config --get commit.template [155ms]
2026-02-02 14:50:57.226 [info] > git config --get --local branch.main.vscode-merge-base [60ms]
2026-02-02 14:50:57.226 [warning] [Git][config] git config failed: Failed to execute git
2026-02-02 14:50:57.309 [info] > git for-each-ref --format=%(refname)%00%(upstream:short)%00%(objectname)%00%(upstream:track)%00%(upstream:remotename)%00%(upstream:remoteref) refs/heads/main refs/remotes/main [94ms]
2026-02-02 14:50:57.442 [info] > git reflog main --grep-reflog=branch: Created from *. [151ms]
2026-02-02 14:50:57.517 [info] > git for-each-ref --sort -committerdate --format %(refname)%00%(objectname)%00%(*objectname) [77ms]
2026-02-02 14:50:57.530 [info] > git symbolic-ref --short refs/remotes/origin/HEAD [30ms]
2026-02-02 14:50:57.530 [info] fatal: ref refs/remotes/origin/HEAD is not a symbolic ref
2026-02-02 14:50:57.530 [warning] [Repository][getDefaultBranch] Failed to get default branch details: Failed to execute git.
2026-02-02 14:50:57.581 [info] > git status -z -uall [206ms]
2026-02-02 14:50:57.635 [info] > git merge-base refs/heads/main refs/remotes/origin/main [21ms]
2026-02-02 14:50:57.659 [info] > git merge-base refs/heads/main refs/remotes/origin/main [90ms]
2026-02-02 14:50:57.707 [info] > git diff --raw --numstat --diff-filter=ADMR -z --find-renames=50% 205676911db1a112b26d4870a68af1def44ada45...refs/remotes/origin/main -- [20ms]
2026-02-02 14:50:57.710 [info] > git diff --raw --numstat --diff-filter=ADMR -z --find-renames=50% 205676911db1a112b26d4870a68af1def44ada45...refs/remotes/origin/main -- [51ms]
2026-02-02 14:50:58.864 [info] > git check-ignore -v -z --stdin [489ms]
