2026-02-02 14:50:55.858 [info] Reading sessions from keychain...
2026-02-02 14:50:55.859 [info] Getting sessions for all scopes...
2026-02-02 14:50:55.859 [info] Got 0 sessions for ...
2026-02-02 14:50:55.859 [info] Getting sessions for all scopes...
2026-02-02 14:50:55.859 [info] Got 0 sessions for ...
2026-02-02 14:50:55.859 [info] Getting sessions for all scopes...
2026-02-02 14:50:55.859 [info] Got 0 sessions for ...
2026-02-02 14:50:55.859 [info] Getting sessions for all scopes...
2026-02-02 14:50:55.859 [info] Got 0 sessions for ...
2026-02-02 14:50:55.859 [info] Getting sessions for all scopes...
2026-02-02 14:50:55.859 [info] Got 0 sessions for ...
2026-02-02 14:50:55.859 [info] Getting sessions for all scopes...
2026-02-02 14:50:55.859 [info] Got 0 sessions for ...
2026-02-02 14:50:55.859 [info] Getting sessions for all scopes...
2026-02-02 14:50:55.859 [info] Got 0 sessions for ...
2026-02-02 14:50:55.859 [info] Getting sessions for all scopes...
2026-02-02 14:50:55.859 [info] Got 0 sessions for ...
2026-02-02 14:50:55.859 [info] Getting sessions for all scopes...
2026-02-02 14:50:55.859 [info] Got 0 sessions for ...
2026-02-02 14:50:55.957 [info] Getting sessions for all scopes...
2026-02-02 14:50:55.957 [info] Got 0 sessions for ...
2026-02-02 14:50:55.957 [info] Getting sessions for all scopes...
2026-02-02 14:50:55.957 [info] Got 0 sessions for ...
2026-02-02 14:50:55.958 [info] Getting sessions for all scopes...
2026-02-02 14:50:55.958 [info] Got 0 sessions for ...
2026-02-02 14:50:55.958 [info] Getting sessions for all scopes...
2026-02-02 14:50:55.958 [info] Got 0 sessions for ...
2026-02-02 14:50:55.958 [info] Getting sessions for all scopes...
2026-02-02 14:50:55.958 [info] Got 0 sessions for ...
2026-02-02 14:50:55.958 [info] Getting sessions for all scopes...
2026-02-02 14:50:55.958 [info] Got 0 sessions for ...
2026-02-02 14:50:59.034 [info] Getting sessions for read:user,repo,user:email,workflow...
2026-02-02 14:50:59.034 [info] Got 0 sessions for read:user,repo,user:email,workflow...
