2026-02-02 14:51:08.973 [info] Reading sessions from keychain...
2026-02-02 14:51:08.975 [info] Getting sessions for all scopes...
2026-02-02 14:51:08.975 [info] Got 0 sessions for ...
2026-02-02 14:51:08.975 [info] Getting sessions for all scopes...
2026-02-02 14:51:08.975 [info] Got 0 sessions for ...
2026-02-02 14:51:08.975 [info] Getting sessions for all scopes...
2026-02-02 14:51:08.975 [info] Got 0 sessions for ...
2026-02-02 14:51:08.975 [info] Getting sessions for all scopes...
2026-02-02 14:51:08.975 [info] Got 0 sessions for ...
2026-02-02 14:51:08.975 [info] Getting sessions for all scopes...
2026-02-02 14:51:08.975 [info] Got 0 sessions for ...
2026-02-02 14:51:08.975 [info] Getting sessions for all scopes...
2026-02-02 14:51:08.975 [info] Got 0 sessions for ...
2026-02-02 14:51:08.975 [info] Getting sessions for all scopes...
2026-02-02 14:51:08.975 [info] Got 0 sessions for ...
2026-02-02 14:51:08.975 [info] Getting sessions for all scopes...
2026-02-02 14:51:08.975 [info] Got 0 sessions for ...
2026-02-02 14:51:08.975 [info] Getting sessions for all scopes...
2026-02-02 14:51:08.975 [info] Got 0 sessions for ...
2026-02-02 14:51:08.994 [info] Getting sessions for all scopes...
2026-02-02 14:51:08.995 [info] Got 0 sessions for ...
2026-02-02 14:51:08.995 [info] Getting sessions for all scopes...
2026-02-02 14:51:08.995 [info] Got 0 sessions for ...
2026-02-02 14:51:08.995 [info] Getting sessions for all scopes...
2026-02-02 14:51:08.995 [info] Got 0 sessions for ...
2026-02-02 14:51:08.995 [info] Getting sessions for all scopes...
2026-02-02 14:51:08.995 [info] Got 0 sessions for ...
2026-02-02 14:51:08.995 [info] Getting sessions for all scopes...
2026-02-02 14:51:08.995 [info] Got 0 sessions for ...
2026-02-02 14:51:08.995 [info] Getting sessions for all scopes...
2026-02-02 14:51:08.995 [info] Got 0 sessions for ...
2026-02-02 14:51:11.340 [info] Getting sessions for read:user,repo,user:email,workflow...
2026-02-02 14:51:11.340 [info] Got 0 sessions for read:user,repo,user:email,workflow...
