2026-01-26 12:32:54.501 [info] Experiment 'pythonSurveyNotification' is active
2026-01-26 12:32:54.819 [info] Starting Environment refresh
2026-01-26 12:32:54.820 [info] Searching for interpreters in posix paths locator
2026-01-26 12:32:54.851 [info] Searching for pyenv environments
2026-01-26 12:32:54.851 [info] Searching for conda environments
2026-01-26 12:32:54.852 [info] Searching for global virtual environments
2026-01-26 12:32:54.852 [info] Searching for custom virtual environments
2026-01-26 12:32:54.861 [info] Skipping ActivatedEnv Detection:  process.env.VSCODE_CLI !== '1'
2026-01-26 12:32:54.862 [info] Skipping ActivatedEnv Detection:  process.env.VSCODE_CLI !== '1'
2026-01-26 12:32:54.865 [info] pyenv is not installed
2026-01-26 12:32:54.865 [info] Finished searching for pyenv environments: 42 milliseconds
2026-01-26 12:32:54.866 [info] Finished searching for custom virtual envs: 35 milliseconds
2026-01-26 12:32:54.890 [info] > conda info --json
2026-01-26 12:32:54.908 [warning] Looking for python binaries within /bin failed with [Error: EACCES: permission denied, scandir '/bin'
	at async Object.readdir (node:internal/fs/promises:957:18)
	at async f (/data/data/com.termux/files/home/.local/share/code-server/extensions/ms-python.python-2026.0.0-universal/out/client/extension.js:2:742309)
	at async t.getPythonBinFromPosixPaths (/data/data/com.termux/files/home/.local/share/code-server/extensions/ms-python.python-2026.0.0-universal/out/client/extension.js:2:743133)
	at async /data/data/com.termux/files/home/.local/share/code-server/extensions/ms-python.python-2026.0.0-universal/out/client/extension.js:2:683892
	at async i (/data/data/com.termux/files/home/.local/share/code-server/extensions/ms-python.python-2026.0.0-universal/out/client/extension.js:2:338188)] {
  errno: -13,
  code: 'EACCES',
  syscall: 'scandir',
  path: '/bin'
}
2026-01-26 12:32:54.908 [info] Finished searching for global virtual envs: 79 milliseconds
2026-01-26 12:32:54.940 [info] Found: /data/data/com.termux/files/usr/bin/python --> /data/data/com.termux/files/usr/bin/python3.12
2026-01-26 12:32:54.941 [info] Found: /data/data/com.termux/files/usr/bin/python3 --> /data/data/com.termux/files/usr/bin/python3.12
2026-01-26 12:32:54.942 [info] Found: /data/data/com.termux/files/usr/bin/python3.12 --> /data/data/com.termux/files/usr/bin/python3.12
2026-01-26 12:32:54.942 [info] Finished searching for interpreters in posix paths locator: 126 milliseconds
2026-01-26 12:32:55.046 [info] > /data/data/com.termux/files/usr/bin/python -I ~/.local/share/code-server/extensions/ms-python.python-2026.0.0-universal/python_files/get_output_via_markers.py ~/.local/share/code-server/extensions/ms-python.python-2026.0.0-universal/python_files/interpreterInfo.py
2026-01-26 12:32:55.046 [info] Environments refresh paths discovered (event): 233 milliseconds
2026-01-26 12:32:55.046 [info] Environments refresh paths discovered: 234 milliseconds
2026-01-26 12:32:55.352 [info] Environments refresh finished (event): 540 milliseconds
2026-01-26 12:32:55.379 [info] Environment refresh took 568 milliseconds
2026-01-26 12:32:55.397 [info] Python interpreter path: /data/data/com.termux/files/usr/bin/python
2026-01-26 12:32:58.891 [info] Starting Jedi language server for default.
